Program
..Id(Stats)
..MethodDecl
....MethodHeader
......Double
......Id(stats)
......MethodParams
........ParamDecl
..........Int
..........Id(a)
........ParamDecl
..........Double
..........Id(b)
........ParamDecl
..........Bool
..........Id(c)
........ParamDecl
..........Int
..........Id(a)
....MethodBody
......If
........Ne
..........Not
............Id(a)
..........DecLit(555)
........Block
........Block
......If
........Lt
..........Id(c)
..........DecLit(666)
........Block
........Block
..........If
............Gt
..............Not
................Id(b)
..............DecLit(1)
............Block
..............Assign
................Id(a)
................DecLit(22)
..............If
................Ne
..................Not
....................Id(a)
..................DecLit(0)
................Assign
..................Id(b)
..................DecLit(3)
................Block
............Block
..........Return
............DecLit(0)
......Return
........Mul
..........Id(c)
..........Call
............Id(statsl)
............Id(args)
